# JRE version: Java(TM) SE Runtime Environment (15.0.2+7) (build 15.0.2+7-27)
# Java VM: Java HotSpot(TM) 64-Bit Server VM (15.0.2+7-27, mixed mode, sharing, tiered, compressed oops, g1 gc, windows-amd64)
GC Precious Log:
 CPUs: 8 total, 8 available
 Memory: 8062M
 Large Page Support: Disabled
 NUMA Support: Disabled
 Compressed Oops: Enabled (32-bit)
 Heap Region Size: 1M
 Heap Min Capacity: 8M
 Heap Initial Capacity: 126M
 Heap Max Capacity: 2016M
 Pre-touch: Disabled
 Parallel Workers: 8
 Concurrent Workers: 2
 Concurrent Refinement Workers: 8
 Periodic GC: Disabled
Heap:
 garbage-first heap   total 51200K, used 30532K [0x0000000082000000, 0x0000000100000000)
  region size 1024K, 21 young (21504K), 3 survivors (3072K)
 Metaspace       used 26659K, capacity 27018K, committed 27260K, reserved 1073152K
  class space    used 3341K, capacity 3451K, committed 3532K, reserved 1048576K
GC Heap History (10 events):
Event: 6.144 GC heap before
{Heap before GC invocations=0 (full 0):
 garbage-first heap   total 129024K, used 23552K [0x0000000082000000, 0x0000000100000000)
  region size 1024K, 23 young (23552K), 0 survivors (0K)
 Metaspace       used 4244K, capacity 6217K, committed 6272K, reserved 1056768K
  class space    used 431K, capacity 599K, committed 640K, reserved 1048576K
}
Event: 6.204 GC heap after
{Heap after GC invocations=1 (full 0):
 garbage-first heap   total 129024K, used 6905K [0x0000000082000000, 0x0000000100000000)
  region size 1024K, 3 young (3072K), 3 survivors (3072K)
 Metaspace       used 4244K, capacity 6217K, committed 6272K, reserved 1056768K
  class space    used 431K, capacity 599K, committed 640K, reserved 1048576K
}
Event: 12.019 GC heap before
{Heap before GC invocations=1 (full 0):
 garbage-first heap   total 129024K, used 30457K [0x0000000082000000, 0x0000000100000000)
  region size 1024K, 26 young (26624K), 3 survivors (3072K)
 Metaspace       used 10080K, capacity 10492K, committed 10624K, reserved 1058816K
  class space    used 1245K, capacity 1302K, committed 1408K, reserved 1048576K
}
Event: 12.029 GC heap after
{Heap after GC invocations=2 (full 0):
 garbage-first heap   total 129024K, used 8877K [0x0000000082000000, 0x0000000100000000)
  region size 1024K, 2 young (2048K), 2 survivors (2048K)
 Metaspace       used 10080K, capacity 10492K, committed 10624K, reserved 1058816K
  class space    used 1245K, capacity 1302K, committed 1408K, reserved 1048576K
}
Event: 15.257 GC heap before
{Heap before GC invocations=2 (full 0):
 garbage-first heap   total 129024K, used 50861K [0x0000000082000000, 0x0000000100000000)
  region size 1024K, 44 young (45056K), 2 survivors (2048K)
 Metaspace       used 19765K, capacity 20033K, committed 20224K, reserved 1067008K
  class space    used 2442K, capacity 2507K, committed 2560K, reserved 1048576K
}
Event: 15.268 GC heap after
{Heap after GC invocations=3 (full 0):
 garbage-first heap   total 129024K, used 11202K [0x0000000082000000, 0x0000000100000000)
  region size 1024K, 4 young (4096K), 4 survivors (4096K)
 Metaspace       used 19765K, capacity 20033K, committed 20224K, reserved 1067008K
  class space    used 2442K, capacity 2507K, committed 2560K, reserved 1048576K
}
Event: 15.627 GC heap before
{Heap before GC invocations=3 (full 0):
 garbage-first heap   total 129024K, used 19394K [0x0000000082000000, 0x0000000100000000)
  region size 1024K, 13 young (13312K), 4 survivors (4096K)
 Metaspace       used 20937K, capacity 21172K, committed 21296K, reserved 1069056K
  class space    used 2610K, capacity 2673K, committed 2688K, reserved 1048576K
}
Event: 15.638 GC heap after
{Heap after GC invocations=4 (full 0):
 garbage-first heap   total 129024K, used 11915K [0x0000000082000000, 0x0000000100000000)
  region size 1024K, 5 young (5120K), 5 survivors (5120K)
 Metaspace       used 20937K, capacity 21172K, committed 21296K, reserved 1069056K
  class space    used 2610K, capacity 2673K, committed 2688K, reserved 1048576K
}
Event: 18.916 GC heap before
{Heap before GC invocations=5 (full 0):
 garbage-first heap   total 51200K, used 37515K [0x0000000082000000, 0x0000000100000000)
  region size 1024K, 30 young (30720K), 5 survivors (5120K)
 Metaspace       used 23258K, capacity 23591K, committed 23676K, reserved 1071104K
  class space    used 2890K, capacity 2996K, committed 3020K, reserved 1048576K
}
Event: 18.936 GC heap after
{Heap after GC invocations=6 (full 0):
 garbage-first heap   total 51200K, used 13124K [0x0000000082000000, 0x0000000100000000)
  region size 1024K, 3 young (3072K), 3 survivors (3072K)
 Metaspace       used 23258K, capacity 23591K, committed 23676K, reserved 1071104K
  class space    used 2890K, capacity 2996K, committed 3020K, reserved 1048576K
}

